<?xml version="1.0" encoding="UTF-8"?>
<!-- Generated by org.testng.reporters.JUnitXMLReporter -->
<testsuite ignored="0" hostname="LAPTOP-MH082TRD" failures="1" tests="3" name="Error Validations test" time="27.192" errors="0" timestamp="2023-08-18T17:33:27 GMT-04:00">
  <testcase classname="vinayDammala.tests.ErrorValidationsTest" name="cartPageErrorValidation" time="3.159"/>
  <testcase classname="vinayDammala.tests.ErrorValidationsTest" name="loginPageErrorValidation" time="1.247">
    <skipped/>
  </testcase> <!-- loginPageErrorValidation -->
  <testcase classname="vinayDammala.tests.ErrorValidationsTest" name="loginPageErrorValidation" time="1.204">
    <failure type="java.lang.AssertionError" message="expected [Incorrect email password.] but found [Incorrect email or password.]">
      <![CDATA[java.lang.AssertionError: expected [Incorrect email password.] but found [Incorrect email or password.]
at vinayDammala.tests.ErrorValidationsTest.loginPageErrorValidation(ErrorValidationsTest.java:19)
at java.base/java.util.ArrayList.forEach(ArrayList.java:1511)
at java.base/java.util.concurrent.FutureTask.run(FutureTask.java:264)
at java.base/java.util.concurrent.ThreadPoolExecutor.runWorker(ThreadPoolExecutor.java:1136)
at java.base/java.util.concurrent.ThreadPoolExecutor$Worker.run(ThreadPoolExecutor.java:635)
at java.base/java.lang.Thread.run(Thread.java:833)
... Removed 23 stack frames]]>
    </failure>
  </testcase> <!-- loginPageErrorValidation -->
</testsuite> <!-- Error Validations test -->
